Starting JUCE FFT OSC (press Enter to quit)
OSC connected to 127.0.0.1:57122
Display noise-floor (min dB) set to -50
Flags: host=127.0.0.1 port=57122 testTone=off interp=on voiceOnly=off rmsAgg=on senderDiag=off senderInterval=33 voiceMin=80 voiceMax=3000 mapMinSet=no mapMin=0 mapMaxSet=no mapMax=0 displayNoiseFloorDb=-50
Audio device started: MacBook Pro Speakers rate=44100 inputs=1 outputs=2
High-pass filter enabled: cutoff=300 Hz
Audio device init: MacBook Pro Speakers rate=44100 inputs=1 outputs=2
Band centers (Hz): 80 87.58 95.88 104.97 114.91 125.8 137.72 150.77 165.06 180.7 197.83 216.57 237.1 259.56 284.16 311.09 340.57 372.84 408.17 446.85 489.19 535.55 586.3 641.85 702.68 769.26 842.16 921.96 1009.33 1104.97 1209.68 1324.31 1449.81 1587.19 1737.6 1902.25 2082.51 2279.86 2495.9 2732.41 2991.34 3274.8 3585.12 3924.85 4296.78 4703.95 5149.7 5637.69 6171.92 6756.78 7397.06 8098.02 8865.39 9705.49 10625.2 11632 12734.3 13941 15262.1 16708.4 18291.7 20025 21922.6 24000
DIAG_INPUT: rms=0.000950716 peak=0 playbackGain=1
FFT produced count=1024 first=0.131043
DIAG_INPUT: rms=0.00120901 peak=0 playbackGain=1
DIAG_INPUT: rms=0.0172545 peak=0 playbackGain=1
FFT produced count=1024 first=0.37294
DIAG_INPUT: rms=0.0128177 peak=0 playbackGain=1
DIAG_INPUT: rms=0.00609845 peak=0 playbackGain=1
FFT produced count=1024 first=0.179796
DIAG_INPUT: rms=0.00210106 peak=0 playbackGain=1
DIAG_INPUT: rms=0.00081179 peak=0 playbackGain=1
FFT produced count=1024 first=0.0573575
DIAG_INPUT: rms=0.000752225 peak=0 playbackGain=1
DIAG_INPUT: rms=0.00130419 peak=0 playbackGain=1
FFT produced count=1024 first=0.0678871
DIAG_INPUT: rms=0.00117763 peak=0 playbackGain=1
DIAG_INPUT: rms=0.000837077 peak=0 playbackGain=1
FFT produced count=1024 first=0.228649
DIAG_INPUT: rms=0.000952068 peak=0 playbackGain=1
DIAG_INPUT: rms=0.00102453 peak=0 playbackGain=1
FFT produced count=1024 first=0.0224431
DIAG_INPUT: rms=0.00104899 peak=0 playbackGain=1
DIAG_INPUT: rms=0.000983751 peak=0 playbackGain=1
FFT produced count=1024 first=0.166704
DIAG_INPUT: rms=0.000729619 peak=0 playbackGain=1
DIAG_INPUT: rms=0.000949449 peak=0 playbackGain=1
FFT produced count=1024 first=0.0457008
DIAG_INPUT: rms=0.000670753 peak=0 playbackGain=1
DIAG_INPUT: rms=0.000643163 peak=0 playbackGain=1
FFT produced count=1024 first=0.119018
DIAG_INPUT: rms=0.000736709 peak=0 playbackGain=1
DIAG_INPUT: rms=0.00102834 peak=0 playbackGain=1
FFT produced count=1024 first=0.121972
DIAG_INPUT: rms=0.00140784 peak=0 playbackGain=1
DIAG_INPUT: rms=0.000709393 peak=0 playbackGain=1
FFT produced count=1024 first=0.00229661
DIAG_INPUT: rms=0.00107081 peak=0 playbackGain=1
DIAG_INPUT: rms=0.000898975 peak=0 playbackGain=1
FFT produced count=1024 first=0.178879
DIAG_INPUT: rms=0.000985003 peak=0 playbackGain=1
DIAG_INPUT: rms=0.000769698 peak=0 playbackGain=1
FFT produced count=1024 first=0.0840592
DIAG_INPUT: rms=0.000941651 peak=0 playbackGain=1
DIAG_INPUT: rms=0.00732087 peak=0 playbackGain=1
FFT produced count=1024 first=0.0650781
DIAG_INPUT: rms=0.000940935 peak=0 playbackGain=1
DIAG_INPUT: rms=0.000966004 peak=0 playbackGain=1
FFT produced count=1024 first=0.178157
DIAG_INPUT: rms=0.00084536 peak=0 playbackGain=1
DIAG_INPUT: rms=0.00081406 peak=0 playbackGain=1
FFT produced count=1024 first=1.75733
DIAG_INPUT: rms=0.0154596 peak=0 playbackGain=1
DIAG_INPUT: rms=0.000669771 peak=0 playbackGain=1
FFT produced count=1024 first=0.122804
DIAG_INPUT: rms=0.000847507 peak=0 playbackGain=1
DIAG_INPUT: rms=0.00121207 peak=0 playbackGain=1
FFT produced count=1024 first=0.0974526
DIAG_INPUT: rms=0.000948201 peak=0 playbackGain=1
DIAG_INPUT: rms=0.0299619 peak=0 playbackGain=1
FFT produced count=1024 first=0.116193
DIAG_INPUT: rms=0.0014086 peak=0 playbackGain=1
DIAG_INPUT: rms=0.0165958 peak=0 playbackGain=1
FFT produced count=1024 first=0.241195
DIAG_INPUT: rms=0.0126212 peak=0 playbackGain=1
DIAG_INPUT: rms=0.0049246 peak=0 playbackGain=1
FFT produced count=1024 first=0.057868
DIAG_INPUT: rms=0.0150187 peak=0 playbackGain=1
DIAG_INPUT: rms=0.00486964 peak=0 playbackGain=1
FFT produced count=1024 first=0.165833
DIAG_INPUT: rms=0.0153319 peak=0 playbackGain=1
DIAG_INPUT: rms=0.00137242 peak=0 playbackGain=1
FFT produced count=1024 first=0.0586089
DIAG_INPUT: rms=0.00170728 peak=0 playbackGain=1
DIAG_INPUT: rms=0.00216408 peak=0 playbackGain=1
FFT produced count=1024 first=0.164285
DIAG_INPUT: rms=0.00184145 peak=0 playbackGain=1
DIAG_INPUT: rms=0.00550397 peak=0 playbackGain=1
FFT produced count=1024 first=0.0923197
DIAG_INPUT: rms=0.00171184 peak=0 playbackGain=1
DIAG_INPUT: rms=0.000877442 peak=0 playbackGain=1
FFT produced count=1024 first=0.0761795
DIAG_INPUT: rms=0.000791885 peak=0 playbackGain=1
DIAG_INPUT: rms=0.000669067 peak=0 playbackGain=1
FFT produced count=1024 first=0.13931
DIAG_INPUT: rms=0.000768516 peak=0 playbackGain=1
DIAG_INPUT: rms=0.000794801 peak=0 playbackGain=1
FFT produced count=1024 first=0.0946914
DIAG_INPUT: rms=0.00115999 peak=0 playbackGain=1
DIAG_INPUT: rms=0.000869437 peak=0 playbackGain=1
FFT produced count=1024 first=0.231004
DIAG_INPUT: rms=0.000676533 peak=0 playbackGain=1
DIAG_INPUT: rms=0.000780704 peak=0 playbackGain=1
FFT produced count=1024 first=0.115332
DIAG_INPUT: rms=0.00107496 peak=0 playbackGain=1
DIAG_INPUT: rms=0.000750127 peak=0 playbackGain=1
FFT produced count=1024 first=0.280271
DIAG_INPUT: rms=0.00073776 peak=0 playbackGain=1
DIAG_INPUT: rms=0.00260957 peak=0 playbackGain=1
FFT produced count=1024 first=0.33931
DIAG_INPUT: rms=0.00209649 peak=0 playbackGain=1
DIAG_INPUT: rms=0.00107151 peak=0 playbackGain=1
FFT produced count=1024 first=0.0272617
DIAG_INPUT: rms=0.00252658 peak=0 playbackGain=1
DIAG_INPUT: rms=0.00121848 peak=0 playbackGain=1
FFT produced count=1024 first=0.0734581
DIAG_INPUT: rms=0.00467263 peak=0 playbackGain=1
DIAG_INPUT: rms=0.00078568 peak=0 playbackGain=1
FFT produced count=1024 first=0.073949
DIAG_INPUT: rms=0.0012388 peak=0 playbackGain=1
DIAG_INPUT: rms=0.00119281 peak=0 playbackGain=1
FFT produced count=1024 first=0.205295
DIAG_INPUT: rms=0.00112505 peak=0 playbackGain=1
DIAG_INPUT: rms=0.00158267 peak=0 playbackGain=1
FFT produced count=1024 first=0.316516
DIAG_INPUT: rms=0.00169099 peak=0 playbackGain=1
DIAG_INPUT: rms=0.00144494 peak=0 playbackGain=1
FFT produced count=1024 first=1.01153
DIAG_INPUT: rms=0.0137966 peak=0 playbackGain=1
DIAG_INPUT: rms=0.00253146 peak=0 playbackGain=1
FFT produced count=1024 first=0.111863
DIAG_INPUT: rms=0.000739963 peak=0 playbackGain=1
DIAG_INPUT: rms=0.000767874 peak=0 playbackGain=1
FFT produced count=1024 first=0.278659
DIAG_INPUT: rms=0.00334175 peak=0 playbackGain=1
DIAG_INPUT: rms=0.000945989 peak=0 playbackGain=1
FFT produced count=1024 first=0.173834
DIAG_INPUT: rms=0.00136994 peak=0 playbackGain=1
DIAG_INPUT: rms=0.000922663 peak=0 playbackGain=1
FFT produced count=1024 first=0.0691847
DIAG_INPUT: rms=0.000881323 peak=0 playbackGain=1
DIAG_INPUT: rms=0.00222019 peak=0 playbackGain=1
FFT produced count=1024 first=0.0869696
DIAG_INPUT: rms=0.00236119 peak=0 playbackGain=1
DIAG_INPUT: rms=0.00197758 peak=0 playbackGain=1
FFT produced count=1024 first=0.149284
DIAG_INPUT: rms=0.00140574 peak=0 playbackGain=1
DIAG_INPUT: rms=0.00150532 peak=0 playbackGain=1
FFT produced count=1024 first=0.0175818
DIAG_INPUT: rms=0.000908806 peak=0 playbackGain=1
DIAG_INPUT: rms=0.00109814 peak=0 playbackGain=1
FFT produced count=1024 first=0.198141
DIAG_INPUT: rms=0.0011425 peak=0 playbackGain=1
DIAG_INPUT: rms=0.00954781 peak=0 playbackGain=1
FFT produced count=1024 first=0.186138
DIAG_INPUT: rms=0.00199179 peak=0 playbackGain=1
DIAG_INPUT: rms=0.00108991 peak=0 playbackGain=1
FFT produced count=1024 first=0.180164
DIAG_INPUT: rms=0.000829126 peak=0 playbackGain=1
DIAG_INPUT: rms=0.000821194 peak=0 playbackGain=1
FFT produced count=1024 first=0.415072
DIAG_INPUT: rms=0.00215067 peak=0 playbackGain=1
DIAG_INPUT: rms=0.00226541 peak=0 playbackGain=1
FFT produced count=1024 first=0.191745
DIAG_INPUT: rms=0.00117441 peak=0 playbackGain=1
DIAG_INPUT: rms=0.00269114 peak=0 playbackGain=1
FFT produced count=1024 first=0.202099
DIAG_INPUT: rms=0.00272481 peak=0 playbackGain=1
DIAG_INPUT: rms=0.000926591 peak=0 playbackGain=1
FFT produced count=1024 first=0.0652588
DIAG_INPUT: rms=0.000777789 peak=0 playbackGain=1
DIAG_INPUT: rms=0.000734591 peak=0 playbackGain=1
FFT produced count=1024 first=0.0802909
DIAG_INPUT: rms=0.00260097 peak=0 playbackGain=1
DIAG_INPUT: rms=0.00110578 peak=0 playbackGain=1
FFT produced count=1024 first=0.522768
DIAG_INPUT: rms=0.00108897 peak=0 playbackGain=1
DIAG_INPUT: rms=0.00235575 peak=0 playbackGain=1
FFT produced count=1024 first=0.0427189
DIAG_INPUT: rms=0.000888793 peak=0 playbackGain=1
DIAG_INPUT: rms=0.000638446 peak=0 playbackGain=1
FFT produced count=1024 first=0.168274
DIAG_INPUT: rms=0.000932542 peak=0 playbackGain=1
DIAG_INPUT: rms=0.000954401 peak=0 playbackGain=1
FFT produced count=1024 first=0.384607
DIAG_INPUT: rms=0.00241462 peak=0 playbackGain=1
DIAG_INPUT: rms=0.00105393 peak=0 playbackGain=1
FFT produced count=1024 first=0.142975
DIAG_INPUT: rms=0.000739346 peak=0 playbackGain=1
DIAG_INPUT: rms=0.00112395 peak=0 playbackGain=1
FFT produced count=1024 first=0.339151
DIAG_INPUT: rms=0.00111446 peak=0 playbackGain=1
DIAG_INPUT: rms=0.00554776 peak=0 playbackGain=1
FFT produced count=1024 first=0.0685965
DIAG_INPUT: rms=0.000743443 peak=0 playbackGain=1
DIAG_INPUT: rms=0.00260531 peak=0 playbackGain=1
FFT produced count=1024 first=0.180958
DIAG_INPUT: rms=0.000746069 peak=0 playbackGain=1
DIAG_INPUT: rms=0.000868173 peak=0 playbackGain=1
FFT produced count=1024 first=0.0849233
DIAG_INPUT: rms=0.000973587 peak=0 playbackGain=1
DIAG_INPUT: rms=0.000865037 peak=0 playbackGain=1
FFT produced count=1024 first=0.0394671
DIAG_INPUT: rms=0.00155428 peak=0 playbackGain=1
DIAG_INPUT: rms=0.000948678 peak=0 playbackGain=1
FFT produced count=1024 first=0.132488
DIAG_INPUT: rms=0.000882655 peak=0 playbackGain=1
DIAG_INPUT: rms=0.000554048 peak=0 playbackGain=1
FFT produced count=1024 first=0.142015
DIAG_INPUT: rms=0.00323104 peak=0 playbackGain=1
DIAG_INPUT: rms=0.00169721 peak=0 playbackGain=1
FFT produced count=1024 first=0.153548
DIAG_INPUT: rms=0.000909813 peak=0 playbackGain=1
DIAG_INPUT: rms=0.0162514 peak=0 playbackGain=1
FFT produced count=1024 first=0.0475637
DIAG_INPUT: rms=0.0137065 peak=0 playbackGain=1
DIAG_INPUT: rms=0.0139771 peak=0 playbackGain=1
FFT produced count=1024 first=0.0591842
DIAG_INPUT: rms=0.010795 peak=0 playbackGain=1
DIAG_INPUT: rms=0.00807082 peak=0 playbackGain=1
FFT produced count=1024 first=0.105814
DIAG_INPUT: rms=0.00821898 peak=0 playbackGain=1
DIAG_INPUT: rms=0.00709586 peak=0 playbackGain=1
FFT produced count=1024 first=0.802485
DIAG_INPUT: rms=0.00512206 peak=0 playbackGain=1
DIAG_INPUT: rms=0.00501801 peak=0 playbackGain=1
FFT produced count=1024 first=0.55871
DIAG_INPUT: rms=0.00475729 peak=0 playbackGain=1
DIAG_INPUT: rms=0.000788302 peak=0 playbackGain=1
FFT produced count=1024 first=0.011853
DIAG_INPUT: rms=0.00130544 peak=0 playbackGain=1
DIAG_INPUT: rms=0.000849572 peak=0 playbackGain=1
FFT produced count=1024 first=0.109918
DIAG_INPUT: rms=0.00163178 peak=0 playbackGain=1
DIAG_INPUT: rms=0.00080722 peak=0 playbackGain=1
FFT produced count=1024 first=0.0717854
DIAG_INPUT: rms=0.000961668 peak=0 playbackGain=1
DIAG_INPUT: rms=0.000883906 peak=0 playbackGain=1
FFT produced count=1024 first=0.787598
DIAG_INPUT: rms=0.0149494 peak=0 playbackGain=1
DIAG_INPUT: rms=0.0123905 peak=0 playbackGain=1
FFT produced count=1024 first=0.0345922
DIAG_INPUT: rms=0.0134224 peak=0 playbackGain=1
DIAG_INPUT: rms=0.0125697 peak=0 playbackGain=1
FFT produced count=1024 first=0.41002
DIAG_INPUT: rms=0.0135753 peak=0 playbackGain=1
DIAG_INPUT: rms=0.0114647 peak=0 playbackGain=1
FFT produced count=1024 first=0.0470055
DIAG_INPUT: rms=0.0111311 peak=0 playbackGain=1
DIAG_INPUT: rms=0.00753444 peak=0 playbackGain=1
FFT produced count=1024 first=0.358184
DIAG_INPUT: rms=0.00703671 peak=0 playbackGain=1
DIAG_INPUT: rms=0.0055447 peak=0 playbackGain=1
FFT produced count=1024 first=0.382249
DIAG_INPUT: rms=0.00707649 peak=0 playbackGain=1
DIAG_INPUT: rms=0.00769897 peak=0 playbackGain=1
FFT produced count=1024 first=0.828665
DIAG_INPUT: rms=0.00496626 peak=0 playbackGain=1
DIAG_INPUT: rms=0.00641804 peak=0 playbackGain=1
FFT produced count=1024 first=0.586017
DIAG_INPUT: rms=0.00692699 peak=0 playbackGain=1
DIAG_INPUT: rms=0.00699709 peak=0 playbackGain=1
FFT produced count=1024 first=0.309795
DIAG_INPUT: rms=0.00474655 peak=0 playbackGain=1
DIAG_INPUT: rms=0.00407934 peak=0 playbackGain=1
FFT produced count=1024 first=0.24363
DIAG_INPUT: rms=0.00743572 peak=0 playbackGain=1
DIAG_INPUT: rms=0.0148181 peak=0 playbackGain=1
FFT produced count=1024 first=0.296984
DIAG_INPUT: rms=0.013398 peak=0 playbackGain=1
DIAG_INPUT: rms=0.00557239 peak=0 playbackGain=1
FFT produced count=1024 first=0.12844
DIAG_INPUT: rms=0.000682999 peak=0 playbackGain=1
DIAG_INPUT: rms=0.000816919 peak=0 playbackGain=1
FFT produced count=1024 first=0.111375
DIAG_INPUT: rms=0.00074955 peak=0 playbackGain=1
DIAG_INPUT: rms=0.000977928 peak=0 playbackGain=1
FFT produced count=1024 first=0.154948
DIAG_INPUT: rms=0.000796298 peak=0 playbackGain=1
DIAG_INPUT: rms=0.000809951 peak=0 playbackGain=1
FFT produced count=1024 first=0.10619
DIAG_INPUT: rms=0.00086619 peak=0 playbackGain=1
DIAG_INPUT: rms=0.000845975 peak=0 playbackGain=1
FFT produced count=1024 first=0.173402
DIAG_INPUT: rms=0.000658751 peak=0 playbackGain=1
DIAG_INPUT: rms=0.00104021 peak=0 playbackGain=1
FFT produced count=1024 first=0.11488
DIAG_INPUT: rms=0.000914114 peak=0 playbackGain=1
DIAG_INPUT: rms=0.00077801 peak=0 playbackGain=1
FFT produced count=1024 first=0.187973
DIAG_INPUT: rms=0.00113253 peak=0 playbackGain=1
DIAG_INPUT: rms=0.000963466 peak=0 playbackGain=1
FFT produced count=1024 first=0.154863
DIAG_INPUT: rms=0.000951029 peak=0 playbackGain=1
DIAG_INPUT: rms=0.00178911 peak=0 playbackGain=1
FFT produced count=1024 first=0.0107973
DIAG_INPUT: rms=0.0017543 peak=0 playbackGain=1
DIAG_INPUT: rms=0.00111931 peak=0 playbackGain=1
FFT produced count=1024 first=0.185408
DIAG_INPUT: rms=0.000788059 peak=0 playbackGain=1
DIAG_INPUT: rms=0.00259208 peak=0 playbackGain=1
FFT produced count=1024 first=0.143966
DIAG_INPUT: rms=0.000905121 peak=0 playbackGain=1
DIAG_INPUT: rms=0.000934708 peak=0 playbackGain=1
FFT produced count=1024 first=0.252984
DIAG_INPUT: rms=0.000864596 peak=0 playbackGain=1
DIAG_INPUT: rms=0.00128332 peak=0 playbackGain=1
FFT produced count=1024 first=0.164016
DIAG_INPUT: rms=0.00109355 peak=0 playbackGain=1
DIAG_INPUT: rms=0.000820134 peak=0 playbackGain=1
FFT produced count=1024 first=0.0289638
DIAG_INPUT: rms=0.000772549 peak=0 playbackGain=1
DIAG_INPUT: rms=0.000905639 peak=0 playbackGain=1
FFT produced count=1024 first=0.208049
DIAG_INPUT: rms=0.000753237 peak=0 playbackGain=1
DIAG_INPUT: rms=0.000708733 peak=0 playbackGain=1
FFT produced count=1024 first=0.0835989
DIAG_INPUT: rms=0.000731267 peak=0 playbackGain=1
DIAG_INPUT: rms=0.000895459 peak=0 playbackGain=1
FFT produced count=1024 first=0.095265
DIAG_INPUT: rms=0.000912899 peak=0 playbackGain=1
DIAG_INPUT: rms=0.000861239 peak=0 playbackGain=1
FFT produced count=1024 first=0.131343
DIAG_INPUT: rms=0.00100623 peak=0 playbackGain=1
DIAG_INPUT: rms=0.000683597 peak=0 playbackGain=1
FFT produced count=1024 first=0.0763382
DIAG_INPUT: rms=0.00116982 peak=0 playbackGain=1
DIAG_INPUT: rms=0.000633071 peak=0 playbackGain=1
FFT produced count=1024 first=0.133473
DIAG_INPUT: rms=0.000991791 peak=0 playbackGain=1
DIAG_INPUT: rms=0.000895196 peak=0 playbackGain=1
FFT produced count=1024 first=0.060466
DIAG_INPUT: rms=0.00133176 peak=0 playbackGain=1
DIAG_INPUT: rms=0.000984751 peak=0 playbackGain=1
FFT produced count=1024 first=0.169503
DIAG_INPUT: rms=0.000926759 peak=0 playbackGain=1
DIAG_INPUT: rms=0.000985573 peak=0 playbackGain=1
FFT produced count=1024 first=0.12176
DIAG_INPUT: rms=0.00101908 peak=0 playbackGain=1
DIAG_INPUT: rms=0.00119876 peak=0 playbackGain=1
FFT produced count=1024 first=0.184597
DIAG_INPUT: rms=0.000839358 peak=0 playbackGain=1
DIAG_INPUT: rms=0.000988108 peak=0 playbackGain=1
FFT produced count=1024 first=0.142606
DIAG_INPUT: rms=0.000905414 peak=0 playbackGain=1
DIAG_INPUT: rms=0.000861942 peak=0 playbackGain=1
FFT produced count=1024 first=0.0276449
DIAG_INPUT: rms=0.001005 peak=0 playbackGain=1
DIAG_INPUT: rms=0.000984468 peak=0 playbackGain=1
FFT produced count=1024 first=0.125481
DIAG_INPUT: rms=0.000985396 peak=0 playbackGain=1
DIAG_INPUT: rms=0.000820657 peak=0 playbackGain=1
FFT produced count=1024 first=0.0845626
DIAG_INPUT: rms=0.00063466 peak=0 playbackGain=1
DIAG_INPUT: rms=0.000966027 peak=0 playbackGain=1
FFT produced count=1024 first=0.0876082
DIAG_INPUT: rms=0.000864522 peak=0 playbackGain=1
DIAG_INPUT: rms=0.000771357 peak=0 playbackGain=1
FFT produced count=1024 first=0.182567
DIAG_INPUT: rms=0.000726693 peak=0 playbackGain=1
DIAG_INPUT: rms=0.000862693 peak=0 playbackGain=1
FFT produced count=1024 first=0.0556708
DIAG_INPUT: rms=0.00122765 peak=0 playbackGain=1
DIAG_INPUT: rms=0.000760068 peak=0 playbackGain=1
FFT produced count=1024 first=0.158986
DIAG_INPUT: rms=0.000692431 peak=0 playbackGain=1
DIAG_INPUT: rms=0.00190267 peak=0 playbackGain=1
FFT produced count=1024 first=0.0564191
DIAG_INPUT: rms=0.000890201 peak=0 playbackGain=1
DIAG_INPUT: rms=0.00104272 peak=0 playbackGain=1
FFT produced count=1024 first=0.180802
DIAG_INPUT: rms=0.00105708 peak=0 playbackGain=1
DIAG_INPUT: rms=0.000703798 peak=0 playbackGain=1
FFT produced count=1024 first=0.131484
DIAG_INPUT: rms=0.000949801 peak=0 playbackGain=1
DIAG_INPUT: rms=0.000950342 peak=0 playbackGain=1
FFT produced count=1024 first=0.0735678
DIAG_INPUT: rms=0.00105135 peak=0 playbackGain=1
DIAG_INPUT: rms=0.000755916 peak=0 playbackGain=1
FFT produced count=1024 first=0.120878
DIAG_INPUT: rms=0.000826656 peak=0 playbackGain=1
DIAG_INPUT: rms=0.000876509 peak=0 playbackGain=1
FFT produced count=1024 first=0.0173939
DIAG_INPUT: rms=0.000636218 peak=0 playbackGain=1
DIAG_INPUT: rms=0.00104533 peak=0 playbackGain=1
FFT produced count=1024 first=0.18248
DIAG_INPUT: rms=0.000716325 peak=0 playbackGain=1
DIAG_INPUT: rms=0.000833214 peak=0 playbackGain=1
FFT produced count=1024 first=0.117916
DIAG_INPUT: rms=0.00101755 peak=0 playbackGain=1
DIAG_INPUT: rms=0.000847459 peak=0 playbackGain=1
FFT produced count=1024 first=0.0660465
DIAG_INPUT: rms=0.0013015 peak=0 playbackGain=1
DIAG_INPUT: rms=0.000754563 peak=0 playbackGain=1
FFT produced count=1024 first=0.212611
DIAG_INPUT: rms=0.000842957 peak=0 playbackGain=1
DIAG_INPUT: rms=0.000839012 peak=0 playbackGain=1
FFT produced count=1024 first=0.0447458
DIAG_INPUT: rms=0.00081221 peak=0 playbackGain=1
DIAG_INPUT: rms=0.000913605 peak=0 playbackGain=1
FFT produced count=1024 first=0.153383
DIAG_INPUT: rms=0.00102177 peak=0 playbackGain=1
DIAG_INPUT: rms=0.00132339 peak=0 playbackGain=1
FFT produced count=1024 first=0.0320693
DIAG_INPUT: rms=0.00084576 peak=0 playbackGain=1
DIAG_INPUT: rms=0.000871141 peak=0 playbackGain=1
FFT produced count=1024 first=0.126786
DIAG_INPUT: rms=0.000852518 peak=0 playbackGain=1
DIAG_INPUT: rms=0.00108053 peak=0 playbackGain=1
FFT produced count=1024 first=0.158423
DIAG_INPUT: rms=0.000844614 peak=0 playbackGain=1
DIAG_INPUT: rms=0.000995521 peak=0 playbackGain=1
FFT produced count=1024 first=0.0409387
DIAG_INPUT: rms=0.00102576 peak=0 playbackGain=1
DIAG_INPUT: rms=0.000773734 peak=0 playbackGain=1
FFT produced count=1024 first=0.154823
DIAG_INPUT: rms=0.00087368 peak=0 playbackGain=1
DIAG_INPUT: rms=0.000930318 peak=0 playbackGain=1
FFT produced count=1024 first=0.00667398
DIAG_INPUT: rms=0.000984343 peak=0 playbackGain=1
DIAG_INPUT: rms=0.000873944 peak=0 playbackGain=1
FFT produced count=1024 first=0.20565
DIAG_INPUT: rms=0.0007938 peak=0 playbackGain=1
DIAG_INPUT: rms=0.000850428 peak=0 playbackGain=1
FFT produced count=1024 first=0.122948
DIAG_INPUT: rms=0.000776578 peak=0 playbackGain=1
DIAG_INPUT: rms=0.000754875 peak=0 playbackGain=1
FFT produced count=1024 first=0.0133819
DIAG_INPUT: rms=0.000892906 peak=0 playbackGain=1
DIAG_INPUT: rms=0.000754801 peak=0 playbackGain=1
FFT produced count=1024 first=0.1861
DIAG_INPUT: rms=0.000650226 peak=0 playbackGain=1
DIAG_INPUT: rms=0.000834171 peak=0 playbackGain=1
FFT produced count=1024 first=0.0806406
DIAG_INPUT: rms=0.00067807 peak=0 playbackGain=1
DIAG_INPUT: rms=0.00103432 peak=0 playbackGain=1
FFT produced count=1024 first=0.117766
DIAG_INPUT: rms=0.000905506 peak=0 playbackGain=1
DIAG_INPUT: rms=0.000911066 peak=0 playbackGain=1
FFT produced count=1024 first=0.157572
DIAG_INPUT: rms=0.00100814 peak=0 playbackGain=1
DIAG_INPUT: rms=0.00100678 peak=0 playbackGain=1
FFT produced count=1024 first=0.0530327
DIAG_INPUT: rms=0.000826995 peak=0 playbackGain=1
DIAG_INPUT: rms=0.000680059 peak=0 playbackGain=1
FFT produced count=1024 first=0.15095
DIAG_INPUT: rms=0.000829786 peak=0 playbackGain=1
DIAG_INPUT: rms=0.000721772 peak=0 playbackGain=1
FFT produced count=1024 first=0.0372289
DIAG_INPUT: rms=0.000741626 peak=0 playbackGain=1
DIAG_INPUT: rms=0.000629311 peak=0 playbackGain=1
FFT produced count=1024 first=0.10781
DIAG_INPUT: rms=0.000784473 peak=0 playbackGain=1
DIAG_INPUT: rms=0.000933281 peak=0 playbackGain=1
FFT produced count=1024 first=0.131506
DIAG_INPUT: rms=0.000903778 peak=0 playbackGain=1
DIAG_INPUT: rms=0.00111342 peak=0 playbackGain=1
FFT produced count=1024 first=0.0368622
DIAG_INPUT: rms=0.00104466 peak=0 playbackGain=1
DIAG_INPUT: rms=0.000820845 peak=0 playbackGain=1
FFT produced count=1024 first=0.169478
DIAG_INPUT: rms=0.000739802 peak=0 playbackGain=1
DIAG_INPUT: rms=0.000741288 peak=0 playbackGain=1
FFT produced count=1024 first=0.00898791
DIAG_INPUT: rms=0.00103699 peak=0 playbackGain=1
DIAG_INPUT: rms=0.000652507 peak=0 playbackGain=1
FFT produced count=1024 first=0.215482
DIAG_INPUT: rms=0.00106468 peak=0 playbackGain=1
DIAG_INPUT: rms=0.00114376 peak=0 playbackGain=1
FFT produced count=1024 first=0.103432
DIAG_INPUT: rms=0.00165451 peak=0 playbackGain=1
DIAG_INPUT: rms=0.000958566 peak=0 playbackGain=1
FFT produced count=1024 first=0.0488093
DIAG_INPUT: rms=0.00084643 peak=0 playbackGain=1
DIAG_INPUT: rms=0.000991379 peak=0 playbackGain=1
FFT produced count=1024 first=0.195565
DIAG_INPUT: rms=0.000924043 peak=0 playbackGain=1
DIAG_INPUT: rms=0.000586748 peak=0 playbackGain=1
FFT produced count=1024 first=0.0455211
DIAG_INPUT: rms=0.0010319 peak=0 playbackGain=1
DIAG_INPUT: rms=0.00071833 peak=0 playbackGain=1
FFT produced count=1024 first=0.159947
DIAG_INPUT: rms=0.000744621 peak=0 playbackGain=1
DIAG_INPUT: rms=0.000924312 peak=0 playbackGain=1
FFT produced count=1024 first=0.0704526
DIAG_INPUT: rms=0.000743687 peak=0 playbackGain=1
DIAG_INPUT: rms=0.000735729 peak=0 playbackGain=1
FFT produced count=1024 first=0.180146
DIAG_INPUT: rms=0.00104418 peak=0 playbackGain=1
DIAG_INPUT: rms=0.000899727 peak=0 playbackGain=1
FFT produced count=1024 first=0.124953
DIAG_INPUT: rms=0.00109758 peak=0 playbackGain=1
DIAG_INPUT: rms=0.000710106 peak=0 playbackGain=1
FFT produced count=1024 first=0.0250817
DIAG_INPUT: rms=0.000905706 peak=0 playbackGain=1
DIAG_INPUT: rms=0.000948849 peak=0 playbackGain=1
FFT produced count=1024 first=0.204767
DIAG_INPUT: rms=0.000869386 peak=0 playbackGain=1
DIAG_INPUT: rms=0.000646055 peak=0 playbackGain=1
FFT produced count=1024 first=0.0610213
DIAG_INPUT: rms=0.00104077 peak=0 playbackGain=1
DIAG_INPUT: rms=0.000574289 peak=0 playbackGain=1
FFT produced count=1024 first=0.144838
DIAG_INPUT: rms=0.000990177 peak=0 playbackGain=1
DIAG_INPUT: rms=0.000819133 peak=0 playbackGain=1
FFT produced count=1024 first=0.161177
DIAG_INPUT: rms=0.00078416 peak=0 playbackGain=1
DIAG_INPUT: rms=0.000899896 peak=0 playbackGain=1
FFT produced count=1024 first=0.139014
DIAG_INPUT: rms=0.00066531 peak=0 playbackGain=1
DIAG_INPUT: rms=0.000761381 peak=0 playbackGain=1
FFT produced count=1024 first=0.156746
DIAG_INPUT: rms=0.000798958 peak=0 playbackGain=1
DIAG_INPUT: rms=0.000744868 peak=0 playbackGain=1
FFT produced count=1024 first=0.0116532
DIAG_INPUT: rms=0.000623785 peak=0 playbackGain=1
DIAG_INPUT: rms=0.000832949 peak=0 playbackGain=1
FFT produced count=1024 first=0.155239
DIAG_INPUT: rms=0.000665375 peak=0 playbackGain=1
DIAG_INPUT: rms=0.00112734 peak=0 playbackGain=1
FFT produced count=1024 first=0.144988
DIAG_INPUT: rms=0.00108308 peak=0 playbackGain=1
DIAG_INPUT: rms=0.000768951 peak=0 playbackGain=1
FFT produced count=1024 first=0.046843
DIAG_INPUT: rms=0.0011883 peak=0 playbackGain=1
DIAG_INPUT: rms=0.000738042 peak=0 playbackGain=1
FFT produced count=1024 first=0.13916
DIAG_INPUT: rms=0.000734016 peak=0 playbackGain=1
DIAG_INPUT: rms=0.00115735 peak=0 playbackGain=1
FFT produced count=1024 first=0.0802588
DIAG_INPUT: rms=0.000916493 peak=0 playbackGain=1
DIAG_INPUT: rms=0.00112226 peak=0 playbackGain=1
FFT produced count=1024 first=0.156956
DIAG_INPUT: rms=0.00087582 peak=0 playbackGain=1
DIAG_INPUT: rms=0.000896338 peak=0 playbackGain=1
FFT produced count=1024 first=0.0985991
DIAG_INPUT: rms=0.00104732 peak=0 playbackGain=1
DIAG_INPUT: rms=0.000867246 peak=0 playbackGain=1
FFT produced count=1024 first=0.122117
DIAG_INPUT: rms=0.000969306 peak=0 playbackGain=1
DIAG_INPUT: rms=0.000916831 peak=0 playbackGain=1
FFT produced count=1024 first=0.135111
DIAG_INPUT: rms=0.000899559 peak=0 playbackGain=1
DIAG_INPUT: rms=0.000665427 peak=0 playbackGain=1
FFT produced count=1024 first=0.00535152
DIAG_INPUT: rms=0.000953987 peak=0 playbackGain=1
DIAG_INPUT: rms=0.000886727 peak=0 playbackGain=1
FFT produced count=1024 first=0.152796
DIAG_INPUT: rms=0.000925061 peak=0 playbackGain=1
DIAG_INPUT: rms=0.000929622 peak=0 playbackGain=1
FFT produced count=1024 first=0.0668079
DIAG_INPUT: rms=0.000661989 peak=0 playbackGain=1
DIAG_INPUT: rms=0.000966688 peak=0 playbackGain=1
FFT produced count=1024 first=0.0741495
DIAG_INPUT: rms=0.00110961 peak=0 playbackGain=1
DIAG_INPUT: rms=0.000732467 peak=0 playbackGain=1
FFT produced count=1024 first=0.184892
DIAG_INPUT: rms=0.00071687 peak=0 playbackGain=1
DIAG_INPUT: rms=0.000972977 peak=0 playbackGain=1
FFT produced count=1024 first=0.116946
DIAG_INPUT: rms=0.000792344 peak=0 playbackGain=1
DIAG_INPUT: rms=0.00137722 peak=0 playbackGain=1
FFT produced count=1024 first=0.122783
DIAG_INPUT: rms=0.0012614 peak=0 playbackGain=1
DIAG_INPUT: rms=0.00197385 peak=0 playbackGain=1
FFT produced count=1024 first=0.0370577
DIAG_INPUT: rms=0.000997271 peak=0 playbackGain=1
DIAG_INPUT: rms=0.000844488 peak=0 playbackGain=1
FFT produced count=1024 first=0.146261
DIAG_INPUT: rms=0.000838415 peak=0 playbackGain=1
DIAG_INPUT: rms=0.00101509 peak=0 playbackGain=1
FFT produced count=1024 first=0.106898
DIAG_INPUT: rms=0.00102013 peak=0 playbackGain=1
DIAG_INPUT: rms=0.00585045 peak=0 playbackGain=1
FFT produced count=1024 first=1.29998
DIAG_INPUT: rms=0.0103226 peak=0 playbackGain=1
DIAG_INPUT: rms=0.0169188 peak=0 playbackGain=1
FFT produced count=1024 first=1.7183
DIAG_INPUT: rms=0.0207501 peak=0 playbackGain=1
DIAG_INPUT: rms=0.00780056 peak=0 playbackGain=1
FFT produced count=1024 first=0.0187981
DIAG_INPUT: rms=0.000838543 peak=0 playbackGain=1
DIAG_INPUT: rms=0.000840519 peak=0 playbackGain=1
FFT produced count=1024 first=0.149052
DIAG_INPUT: rms=0.000773681 peak=0 playbackGain=1
DIAG_INPUT: rms=0.00157216 peak=0 playbackGain=1
FFT produced count=1024 first=0.0556491
DIAG_INPUT: rms=0.0402606 peak=0 playbackGain=1
DIAG_INPUT: rms=0.00480004 peak=0 playbackGain=1
FFT produced count=1024 first=0.0958444
DIAG_INPUT: rms=0.00205887 peak=0 playbackGain=1
DIAG_INPUT: rms=0.0015423 peak=0 playbackGain=1
FFT produced count=1024 first=0.177714
DIAG_INPUT: rms=0.00128939 peak=0 playbackGain=1
DIAG_INPUT: rms=0.0146186 peak=0 playbackGain=1
FFT produced count=1024 first=0.0153552
DIAG_INPUT: rms=0.00148416 peak=0 playbackGain=1
DIAG_INPUT: rms=0.000992401 peak=0 playbackGain=1
FFT produced count=1024 first=0.117631
DIAG_INPUT: rms=0.0019157 peak=0 playbackGain=1
DIAG_INPUT: rms=0.000861496 peak=0 playbackGain=1
FFT produced count=1024 first=0.171862
DIAG_INPUT: rms=0.00142799 peak=0 playbackGain=1
DIAG_INPUT: rms=0.00103003 peak=0 playbackGain=1
FFT produced count=1024 first=0.28312
DIAG_INPUT: rms=0.00423913 peak=0 playbackGain=1
DIAG_INPUT: rms=0.00119035 peak=0 playbackGain=1
FFT produced count=1024 first=0.101622
DIAG_INPUT: rms=0.00340763 peak=0 playbackGain=1
DIAG_INPUT: rms=0.0125696 peak=0 playbackGain=1
FFT produced count=1024 first=0.87988
DIAG_INPUT: rms=0.0224937 peak=0 playbackGain=1
DIAG_INPUT: rms=0.0264218 peak=0 playbackGain=1
FFT produced count=1024 first=1.2472
DIAG_INPUT: rms=0.0397956 peak=0 playbackGain=1
DIAG_INPUT: rms=0.0401848 peak=0 playbackGain=1
FFT produced count=1024 first=0.10134
DIAG_INPUT: rms=0.00112569 peak=0 playbackGain=1
DIAG_INPUT: rms=0.00573374 peak=0 playbackGain=1
FFT produced count=1024 first=0.0263062
DIAG_INPUT: rms=0.00186649 peak=0 playbackGain=1
DIAG_INPUT: rms=0.00116631 peak=0 playbackGain=1
FFT produced count=1024 first=0.0290438
DIAG_INPUT: rms=0.00115964 peak=0 playbackGain=1
DIAG_INPUT: rms=0.0010564 peak=0 playbackGain=1
FFT produced count=1024 first=0.126589
DIAG_INPUT: rms=0.00110683 peak=0 playbackGain=1
DIAG_INPUT: rms=0.00107099 peak=0 playbackGain=1
FFT produced count=1024 first=0.127654
DIAG_INPUT: rms=0.000960423 peak=0 playbackGain=1
DIAG_INPUT: rms=0.000971314 peak=0 playbackGain=1
FFT produced count=1024 first=0.0167461
DIAG_INPUT: rms=0.000908669 peak=0 playbackGain=1
DIAG_INPUT: rms=0.000849925 peak=0 playbackGain=1
FFT produced count=1024 first=0.145274
DIAG_INPUT: rms=0.000641352 peak=0 playbackGain=1
DIAG_INPUT: rms=0.000887525 peak=0 playbackGain=1
FFT produced count=1024 first=0.101664
DIAG_INPUT: rms=0.00106254 peak=0 playbackGain=1
DIAG_INPUT: rms=0.000779751 peak=0 playbackGain=1
FFT produced count=1024 first=0.0701993
DIAG_INPUT: rms=0.000851611 peak=0 playbackGain=1
DIAG_INPUT: rms=0.00109699 peak=0 playbackGain=1
FFT produced count=1024 first=0.279422
DIAG_INPUT: rms=0.00727941 peak=0 playbackGain=1
DIAG_INPUT: rms=0.017159 peak=0 playbackGain=1
FFT produced count=1024 first=0.368776
DIAG_INPUT: rms=0.00546966 peak=0 playbackGain=1
DIAG_INPUT: rms=0.000922293 peak=0 playbackGain=1
FFT produced count=1024 first=0.163168
DIAG_INPUT: rms=0.000959971 peak=0 playbackGain=1
DIAG_INPUT: rms=0.00100146 peak=0 playbackGain=1
FFT produced count=1024 first=0.0684325
DIAG_INPUT: rms=0.000968792 peak=0 playbackGain=1
DIAG_INPUT: rms=0.000940255 peak=0 playbackGain=1
FFT produced count=1024 first=0.0489839
DIAG_INPUT: rms=0.00129662 peak=0 playbackGain=1
DIAG_INPUT: rms=0.00133103 peak=0 playbackGain=1
FFT produced count=1024 first=0.163282
DIAG_INPUT: rms=0.00255393 peak=0 playbackGain=1
DIAG_INPUT: rms=0.00616688 peak=0 playbackGain=1
FFT produced count=1024 first=0.0634906
DIAG_INPUT: rms=0.00351937 peak=0 playbackGain=1
DIAG_INPUT: rms=0.00218987 peak=0 playbackGain=1
FFT produced count=1024 first=0.185854
DIAG_INPUT: rms=0.00213394 peak=0 playbackGain=1
DIAG_INPUT: rms=0.00201202 peak=0 playbackGain=1
FFT produced count=1024 first=0.00426415
DIAG_INPUT: rms=0.00369747 peak=0 playbackGain=1
DIAG_INPUT: rms=0.00327139 peak=0 playbackGain=1
FFT produced count=1024 first=0.0800825
DIAG_INPUT: rms=0.00303339 peak=0 playbackGain=1
DIAG_INPUT: rms=0.00108981 peak=0 playbackGain=1
FFT produced count=1024 first=0.0760874
DIAG_INPUT: rms=0.0020564 peak=0 playbackGain=1
DIAG_INPUT: rms=0.000641977 peak=0 playbackGain=1
FFT produced count=1024 first=0.119865
DIAG_INPUT: rms=0.000973733 peak=0 playbackGain=1
DIAG_INPUT: rms=0.00107499 peak=0 playbackGain=1
FFT produced count=1024 first=0.16704
DIAG_INPUT: rms=0.00116019 peak=0 playbackGain=1
DIAG_INPUT: rms=0.000604253 peak=0 playbackGain=1
FFT produced count=1024 first=0.0580685
DIAG_INPUT: rms=0.00122711 peak=0 playbackGain=1
DIAG_INPUT: rms=0.000755793 peak=0 playbackGain=1
FFT produced count=1024 first=0.137634
DIAG_INPUT: rms=0.000962825 peak=0 playbackGain=1
DIAG_INPUT: rms=0.000795485 peak=0 playbackGain=1
FFT produced count=1024 first=0.102267
DIAG_INPUT: rms=0.00101317 peak=0 playbackGain=1
DIAG_INPUT: rms=0.000845081 peak=0 playbackGain=1
FFT produced count=1024 first=0.118835
DIAG_INPUT: rms=0.000773818 peak=0 playbackGain=1
DIAG_INPUT: rms=0.000903316 peak=0 playbackGain=1
FFT produced count=1024 first=0.147351
DIAG_INPUT: rms=0.00082864 peak=0 playbackGain=1
DIAG_INPUT: rms=0.000835205 peak=0 playbackGain=1
FFT produced count=1024 first=0.0346643
DIAG_INPUT: rms=0.00072496 peak=0 playbackGain=1
DIAG_INPUT: rms=0.000608825 peak=0 playbackGain=1
FFT produced count=1024 first=0.167827
DIAG_INPUT: rms=0.000842234 peak=0 playbackGain=1
DIAG_INPUT: rms=0.00105031 peak=0 playbackGain=1
FFT produced count=1024 first=0.0378248
DIAG_INPUT: rms=0.000850458 peak=0 playbackGain=1
DIAG_INPUT: rms=0.000776206 peak=0 playbackGain=1
FFT produced count=1024 first=0.0688864
DIAG_INPUT: rms=0.000922481 peak=0 playbackGain=1
